
Clover Version    1.300
       MPI Version
   Task Count      4

 Clover will run from the following input:-

*clover                                                                                             
                                                                                                    
 state 1 density=0.2 energy=1.0                                                                     
 state 2 density=1.0 energy=2.5 geometry=rectangle xmin=0.0 xmax=5.0 ymin=0.0 ymax=2.0              
                                                                                                    
 x_cells=960                                                                                        
 y_cells=960                                                                                        
                                                                                                    
 xmin=0.0                                                                                           
 ymin=0.0                                                                                           
 xmax=10.0                                                                                          
 ymax=10.0                                                                                          
                                                                                                    
 initial_timestep=0.04                                                                              
 timestep_rise=1.5                                                                                  
 max_timestep=0.04                                                                                  
 end_step=87                                                                                        
 test_problem 2                                                                                     
*endclover                                                                                          

 Initialising and generating

 Reading input file

 Reading specification for state            1

            state density   0.2000E+00
             state energy   0.1000E+01

 Reading specification for state            2

            state density   0.1000E+01
             state energy   0.2500E+01
 state geometry rectangular
               state xmin   0.0000E+00
               state xmax   0.5000E+01
               state ymin   0.0000E+00
               state ymax   0.2000E+01

                   x_cells         960
                   y_cells         960
                      xmin  0.0000E+00
                      ymin  0.0000E+00
                      xmax  0.1000E+02
                      ymax  0.1000E+02
         initial_timestep   0.4000E-01
             timestep_rise  0.1500E+01
              max_timestep  0.4000E-01
                  end_step          87
              test_problem           2

     Using Fortran Kernels

 Input read finished.

 Setting up initial geometry


 Mesh ratio of    1.0000000000000000     
 Decomposing the mesh into            2  by            2  chunks
 Decomposing the chunk with            1  tiles

 Generating chunks

 Problem initialised and generated

 Time    0.0000000000000000     
                       Volume            Mass         Density        Pressure Internal Energy  Kinetic Energy    Total Energy
 step:      0      0.1000E+03      0.2800E+02      0.2800E+00      0.1720E+00      0.4300E+02      0.0000E+00      0.4300E+02

 Starting the calculation
 Step       1 time   0.0000000 control    sound    timestep   6.16E-03       1,       1 x  5.21E-03 y  5.21E-03
 Step       2 time   0.0061626 control    sound    timestep   3.76E-03       1,       1 x  5.21E-03 y  5.21E-03
 Step       3 time   0.0099242 control    sound    timestep   4.78E-03       1,       1 x  5.21E-03 y  5.21E-03
 Step       4 time   0.0147037 control    sound    timestep   5.04E-03       1,       1 x  5.21E-03 y  5.21E-03
 Step       5 time   0.0197397 control    sound    timestep   5.54E-03       1,       1 x  5.21E-03 y  5.21E-03
 Step       6 time   0.0252815 control    sound    timestep   5.53E-03       1,       1 x  5.21E-03 y  5.21E-03
 Step       7 time   0.0308107 control    sound    timestep   5.63E-03       1,       1 x  5.21E-03 y  5.21E-03
 Step       8 time   0.0364452 control    sound    timestep   5.93E-03       1,       1 x  5.21E-03 y  5.21E-03
 Step       9 time   0.0423713 control    sound    timestep   5.86E-03       1,       1 x  5.21E-03 y  5.21E-03
 Step      10 time   0.0482336 control    sound    timestep   5.82E-03       1,       1 x  5.21E-03 y  5.21E-03

 Time    5.4054230746582298E-002
                       Volume            Mass         Density        Pressure Internal Energy  Kinetic Energy    Total Energy
 step:     10      0.1000E+03      0.2800E+02      0.2800E+00      0.1715E+00      0.4286E+02      0.1272E+00      0.4299E+02

 Step      11 time   0.0540542 control    sound    timestep   5.78E-03       1,       1 x  5.21E-03 y  5.21E-03
 Step      12 time   0.0598338 control    sound    timestep   5.76E-03       1,       1 x  5.21E-03 y  5.21E-03
 Step      13 time   0.0655905 control    sound    timestep   5.77E-03       1,       1 x  5.21E-03 y  5.21E-03
 Step      14 time   0.0713614 control    sound    timestep   5.79E-03       1,       1 x  5.21E-03 y  5.21E-03
 Step      15 time   0.0771552 control    sound    timestep   5.80E-03       1,       1 x  5.21E-03 y  5.21E-03
 Step      16 time   0.0829578 control    sound    timestep   5.80E-03       1,       1 x  5.21E-03 y  5.21E-03
 Step      17 time   0.0887628 control    sound    timestep   5.81E-03       1,       1 x  5.21E-03 y  5.21E-03
 Step      18 time   0.0945706 control    sound    timestep   5.81E-03       1,       1 x  5.21E-03 y  5.21E-03
 Step      19 time   0.1003799 control    sound    timestep   5.81E-03       1,       1 x  5.21E-03 y  5.21E-03
 Step      20 time   0.1061897 control    sound    timestep   5.81E-03       1,       1 x  5.21E-03 y  5.21E-03

 Time   0.11200041577533880     
                       Volume            Mass         Density        Pressure Internal Energy  Kinetic Energy    Total Energy
 step:     20      0.1000E+03      0.2800E+02      0.2800E+00      0.1709E+00      0.4272E+02      0.2696E+00      0.4299E+02

 Step      21 time   0.1120004 control    sound    timestep   5.81E-03       1,       1 x  5.21E-03 y  5.21E-03
 Step      22 time   0.1178143 control    sound    timestep   5.82E-03       1,       1 x  5.21E-03 y  5.21E-03
 Step      23 time   0.1236298 control    sound    timestep   5.82E-03       1,       1 x  5.21E-03 y  5.21E-03
 Step      24 time   0.1294460 control    sound    timestep   5.82E-03       1,       1 x  5.21E-03 y  5.21E-03
 Step      25 time   0.1352640 control    sound    timestep   5.82E-03       1,       1 x  5.21E-03 y  5.21E-03
 Step      26 time   0.1410837 control    sound    timestep   5.82E-03       1,       1 x  5.21E-03 y  5.21E-03
 Step      27 time   0.1469049 control    sound    timestep   5.82E-03       1,       1 x  5.21E-03 y  5.21E-03
 Step      28 time   0.1527276 control    sound    timestep   5.82E-03       1,       1 x  5.21E-03 y  5.21E-03
 Step      29 time   0.1585506 control    sound    timestep   5.82E-03       1,       1 x  5.21E-03 y  5.21E-03
 Step      30 time   0.1643742 control    sound    timestep   5.82E-03       1,       1 x  5.21E-03 y  5.21E-03

 Time   0.17019802332004388     
                       Volume            Mass         Density        Pressure Internal Energy  Kinetic Energy    Total Energy
 step:     30      0.1000E+03      0.2800E+02      0.2800E+00      0.1703E+00      0.4258E+02      0.4108E+00      0.4299E+02

 Step      31 time   0.1701980 control    sound    timestep   5.82E-03       1,       1 x  5.21E-03 y  5.21E-03
 Step      32 time   0.1760221 control    sound    timestep   5.82E-03       1,       1 x  5.21E-03 y  5.21E-03
 Step      33 time   0.1818467 control    sound    timestep   5.83E-03       1,       1 x  5.21E-03 y  5.21E-03
 Step      34 time   0.1876721 control    sound    timestep   5.83E-03       1,       1 x  5.21E-03 y  5.21E-03
